Base path: C:/Program Files/Unity/Editor/Data
Pipe name: \\.\pipe\UnityShaderCompiler-64bit-1-10492
Cmd: getPlatforms
Cmd: preprocess
  insize=860 outsize=191 ok=1
Cmd: compileSnippet
  api=4 type=0 insize=964 outsize=998 kw= ok=1
Cmd: compileSnippet
  api=4 type=1 insize=964 outsize=526 kw= ok=1
Cmd: preprocess
  insize=1276 outsize=371 ok=1
Cmd: compileSnippet
  error: 2 plat 4 at (54): incorrect number of arguments to numeric-type constructor\nCompiling Vertex program
  api=4 type=0 insize=1204 outsize=0 kw= ok=0
Cmd: preprocess
  insize=585 outsize=582 ok=1
Cmd: compileSnippet
  api=4 type=0 insize=959 outsize=1087 kw= ok=1
Cmd: compileSnippet
  api=4 type=1 insize=959 outsize=616 kw= ok=1
